Build started 3/26/2014 2:36:10 PM.
     1>Project "C:\Users\ph\Documents\Homework_4\BugginOut\BugginOut\SimpleSideScrollerFramework\SimpleSideScrollerFramework.vcxproj" on node 2 (Build target(s)).
     1>Lib:
         C:\Program Files (x86)\Microsoft Visual Studio 11.0\VC\bin\Lib.exe /OUT:"C:\Users\ph\Documents\Homework_4\BugginOut\BugginOut\Common\SimpleSideScrollerFramework.lib" /NOLOGO C:\Users\ph\Documents\Homework_4\BugginOut\BugginOut\Temp\SimpleSideScrollerFramework\Debug\GameDataLoader.obj
         C:\Users\ph\Documents\Homework_4\BugginOut\BugginOut\Temp\SimpleSideScrollerFramework\Debug\Game.obj
         C:\Users\ph\Documents\Homework_4\BugginOut\BugginOut\Temp\SimpleSideScrollerFramework\Debug\WStringTable.obj
         C:\Users\ph\Documents\Homework_4\BugginOut\BugginOut\Temp\SimpleSideScrollerFramework\Debug\GameGraphics.obj
         C:\Users\ph\Documents\Homework_4\BugginOut\BugginOut\Temp\SimpleSideScrollerFramework\Debug\RenderList.obj
         C:\Users\ph\Documents\Homework_4\BugginOut\BugginOut\Temp\SimpleSideScrollerFramework\Debug\TextureManager.obj
         C:\Users\ph\Documents\Homework_4\BugginOut\BugginOut\Temp\SimpleSideScrollerFramework\Debug\BotRecycler.obj
         C:\Users\ph\Documents\Homework_4\BugginOut\BugginOut\Temp\SimpleSideScrollerFramework\Debug\RandomFloatingBot.obj
         C:\Users\ph\Documents\Homework_4\BugginOut\BugginOut\Temp\SimpleSideScrollerFramework\Debug\RandomJumpingBot.obj
         C:\Users\ph\Documents\Homework_4\BugginOut\BugginOut\Temp\SimpleSideScrollerFramework\Debug\AABB.obj
         C:\Users\ph\Documents\Homework_4\BugginOut\BugginOut\Temp\SimpleSideScrollerFramework\Debug\CollidableObject.obj
         C:\Users\ph\Documents\Homework_4\BugginOut\BugginOut\Temp\SimpleSideScrollerFramework\Debug\Physics.obj
         C:\Users\ph\Documents\Homework_4\BugginOut\BugginOut\Temp\SimpleSideScrollerFramework\Debug\AnimatedSprite.obj
         C:\Users\ph\Documents\Homework_4\BugginOut\BugginOut\Temp\SimpleSideScrollerFramework\Debug\AnimatedSpriteType.obj
         C:\Users\ph\Documents\Homework_4\BugginOut\BugginOut\Temp\SimpleSideScrollerFramework\Debug\SpriteManager.obj
         C:\Users\ph\Documents\Homework_4\BugginOut\BugginOut\Temp\SimpleSideScrollerFramework\Debug\GameStateManager.obj
         C:\Users\ph\Documents\Homework_4\BugginOut\BugginOut\Temp\SimpleSideScrollerFramework\Debug\SparseLayer.obj
         C:\Users\ph\Documents\Homework_4\BugginOut\BugginOut\Temp\SimpleSideScrollerFramework\Debug\TiledLayer.obj
         C:\Users\ph\Documents\Homework_4\BugginOut\BugginOut\Temp\SimpleSideScrollerFramework\Debug\World.obj
         C:\Users\ph\Documents\Homework_4\BugginOut\BugginOut\Temp\SimpleSideScrollerFramework\Debug\Button.obj
         C:\Users\ph\Documents\Homework_4\BugginOut\BugginOut\Temp\SimpleSideScrollerFramework\Debug\Cursor.obj
         C:\Users\ph\Documents\Homework_4\BugginOut\BugginOut\Temp\SimpleSideScrollerFramework\Debug\GameGUI.obj
         C:\Users\ph\Documents\Homework_4\BugginOut\BugginOut\Temp\SimpleSideScrollerFramework\Debug\ScreenGUI.obj
         C:\Users\ph\Documents\Homework_4\BugginOut\BugginOut\Temp\SimpleSideScrollerFramework\Debug\Viewport.obj
         C:\Users\ph\Documents\Homework_4\BugginOut\BugginOut\Temp\SimpleSideScrollerFramework\Debug\GameInput.obj
         C:\Users\ph\Documents\Homework_4\BugginOut\BugginOut\Temp\SimpleSideScrollerFramework\Debug\DirectXGraphics.obj
         C:\Users\ph\Documents\Homework_4\BugginOut\BugginOut\Temp\SimpleSideScrollerFramework\Debug\DirectXTextureManager.obj
         C:\Users\ph\Documents\Homework_4\BugginOut\BugginOut\Temp\SimpleSideScrollerFramework\Debug\WindowsInput.obj
         C:\Users\ph\Documents\Homework_4\BugginOut\BugginOut\Temp\SimpleSideScrollerFramework\Debug\WindowsOS.obj
         C:\Users\ph\Documents\Homework_4\BugginOut\BugginOut\Temp\SimpleSideScrollerFramework\Debug\WindowsTimer.obj
         C:\Users\ph\Documents\Homework_4\BugginOut\BugginOut\Temp\SimpleSideScrollerFramework\Debug\BufferedTextFileReader.obj
         C:\Users\ph\Documents\Homework_4\BugginOut\BugginOut\Temp\SimpleSideScrollerFramework\Debug\GameText.obj
         C:\Users\ph\Documents\Homework_4\BugginOut\BugginOut\Temp\SimpleSideScrollerFramework\Debug\TextFileWriter.obj
         C:\Users\ph\Documents\Homework_4\BugginOut\BugginOut\Temp\SimpleSideScrollerFramework\Debug\stdafx.obj
         SimpleSideScrollerFramework.vcxproj -> C:\Users\ph\Documents\Homework_4\BugginOut\BugginOut\Common\SimpleSideScrollerFramework.lib
     1>Done Building Project "C:\Users\ph\Documents\Homework_4\BugginOut\BugginOut\SimpleSideScrollerFramework\SimpleSideScrollerFramework.vcxproj" (Build target(s)).

Build succeeded.

Time Elapsed 00:00:00.30
