C:\USERS\PH\DOCUMENTS\HOMEWORK_4\BUGGINOUT\BUGGINOUT\TEMP\TINYXML\DEBUG\TINYSTR.OBJ
C:\USERS\PH\DOCUMENTS\HOMEWORK_4\BUGGINOUT\BUGGINOUT\TEMP\TINYXML\DEBUG\TINYXML.OBJ
C:\USERS\PH\DOCUMENTS\HOMEWORK_4\BUGGINOUT\BUGGINOUT\TEMP\TINYXML\DEBUG\TINYXMLERROR.OBJ
C:\USERS\PH\DOCUMENTS\HOMEWORK_4\BUGGINOUT\BUGGINOUT\TEMP\TINYXML\DEBUG\TINYXMLPARSER.OBJ
C:\USERS\PH\DOCUMENTS\HOMEWORK_4\BUGGINOUT\BUGGINOUT\TEMP\TINYXML\DEBUG\XMLTEST.OBJ
C:\USERS\PH\DOCUMENTS\HOMEWORK_4\BUGGINOUT\BUGGINOUT\TEMP\TINYXML\DEBUG\STDAFX.OBJ
C:\USERS\PH\DOCUMENTS\HOMEWORK_4\BUGGINOUT\BUGGINOUT\TEMP\TINYXML\DEBUG\VC110.PDB
C:\USERS\PH\DOCUMENTS\HOMEWORK_4\BUGGINOUT\BUGGINOUT\COMMON\TINYXML.LIB
C:\Users\ph\Documents\Homework_4\BugginOut\BugginOut\Temp\tinyxml\Debug\stdafx.obj
C:\Users\ph\Documents\Homework_4\BugginOut\BugginOut\Temp\tinyxml\Debug\tinystr.obj
C:\Users\ph\Documents\Homework_4\BugginOut\BugginOut\Temp\tinyxml\Debug\tinyxml.obj
C:\Users\ph\Documents\Homework_4\BugginOut\BugginOut\Temp\tinyxml\Debug\tinyxmlerror.obj
C:\Users\ph\Documents\Homework_4\BugginOut\BugginOut\Temp\tinyxml\Debug\tinyxmlparser.obj
C:\Users\ph\Documents\Homework_4\BugginOut\BugginOut\Temp\tinyxml\Debug\xmltest.obj
C:\Users\ph\Documents\Homework_4\BugginOut\BugginOut\Temp\tinyxml\Debug\cl.command.1.tlog
C:\Users\ph\Documents\Homework_4\BugginOut\BugginOut\Temp\tinyxml\Debug\CL.read.1.tlog
C:\Users\ph\Documents\Homework_4\BugginOut\BugginOut\Temp\tinyxml\Debug\CL.write.1.tlog
C:\Users\ph\Documents\Homework_4\BugginOut\BugginOut\Temp\tinyxml\Debug\Lib-link.read.1.tlog
C:\Users\ph\Documents\Homework_4\BugginOut\BugginOut\Temp\tinyxml\Debug\Lib-link.write.1.tlog
C:\Users\ph\Documents\Homework_4\BugginOut\BugginOut\Temp\tinyxml\Debug\lib.command.1.tlog
C:\Users\ph\Documents\Homework_4\BugginOut\BugginOut\Temp\tinyxml\Debug\vc110.idb
C:\Users\ph\Documents\Homework_4\BugginOut\BugginOut\Temp\tinyxml\Debug\vc110.pdb
C:\Users\ph\Documents\Homework_4\BugginOut\BugginOut\Common\tinyxml.lib
